[0602/233624.885:ERROR:process_memory_win.cc(73)] ReadMemory at 0x2a3033c8070 of 72 bytes failed: Only part of a ReadProcessMemory or WriteProcessMemory request was completed. (0x12B)
[0602/233624.886:WARNING:pe_image_annotations_reader.cc(134)] could not read annotations list object in C:\Program Files (x86)\Google\Chrome\Application\74.0.3729.169\chrome_elf.dll
[0602/233624.886:ERROR:process_memory_win.cc(73)] ReadMemory at 0x2a3035e0970 of 72 bytes failed: Only part of a ReadProcessMemory or WriteProcessMemory request was completed. (0x12B)
[0602/233624.887:WARNING:pe_image_annotations_reader.cc(134)] could not read annotations list object in C:\Program Files (x86)\Google\Chrome\Application\74.0.3729.169\chrome_child.dll
[0602/233624.887:ERROR:process_memory_win.cc(73)] ReadMemory at 0x2a3031e0000 of 64 bytes failed: Only part of a ReadProcessMemory or WriteProcessMemory request was completed. (0x12B)
[0602/233624.887:WARNING:pe_image_reader.cc(340)] could not read dos header from C:\WINDOWS\System32\COMDLG32.dll
[0602/233624.887:ERROR:process_memory_win.cc(73)] ReadMemory at 0x2a303120000 of 64 bytes failed: Only part of a ReadProcessMemory or WriteProcessMemory request was completed. (0x12B)
[0602/233624.887:WARNING:pe_image_reader.cc(340)] could not read dos header from C:\WINDOWS\System32\NSI.dll
[0602/233624.910:ERROR:process_memory_win.cc(73)] ReadMemory at 0xecc4ded000 of 77824 bytes failed: Only part of a ReadProcessMemory or WriteProcessMemory request was completed. (0x12B)
[0602/233624.911:ERROR:process_memory_win.cc(73)] ReadMemory at 0xecc4fff000 of 4096 bytes failed: Only part of a ReadProcessMemory or WriteProcessMemory request was completed. (0x12B)
[0602/233624.911:ERROR:process_memory_win.cc(73)] ReadMemory at 0xecc51fd000 of 12288 bytes failed: Only part of a ReadProcessMemory or WriteProcessMemory request was completed. (0x12B)
[0602/233624.911:ERROR:process_memory_win.cc(73)] ReadMemory at 0xecc53fc000 of 16384 bytes failed: Only part of a ReadProcessMemory or WriteProcessMemory request was completed. (0x12B)
[0602/233624.911:ERROR:process_memory_win.cc(73)] ReadMemory at 0xecc55fc000 of 16384 bytes failed: Only part of a ReadProcessMemory or WriteProcessMemory request was completed. (0x12B)
[0602/233624.911:ERROR:process_memory_win.cc(73)] ReadMemory at 0xecc57fc000 of 16384 bytes failed: Only part of a ReadProcessMemory or WriteProcessMemory request was completed. (0x12B)
[0602/233624.911:ERROR:process_memory_win.cc(73)] ReadMemory at 0xecc59fe000 of 8192 bytes failed: Only part of a ReadProcessMemory or WriteProcessMemory request was completed. (0x12B)
[0602/233624.911:ERROR:process_memory_win.cc(73)] ReadMemory at 0xecc5bfd000 of 12288 bytes failed: Only part of a ReadProcessMemory or WriteProcessMemory request was completed. (0x12B)
[0602/233624.911:ERROR:process_memory_win.cc(73)] ReadMemory at 0xecc5dfb000 of 20480 bytes failed: Only part of a ReadProcessMemory or WriteProcessMemory request was completed. (0x12B)
[0602/233624.912:ERROR:process_memory_win.cc(73)] ReadMemory at 0xecc61fa000 of 24576 bytes failed: Only part of a ReadProcessMemory or WriteProcessMemory request was completed. (0x12B)
[0602/233624.912:ERROR:process_memory_win.cc(73)] ReadMemory at 0xecc63f9000 of 28672 bytes failed: Only part of a ReadProcessMemory or WriteProcessMemory request was completed. (0x12B)
[0602/233624.912:ERROR:process_memory_win.cc(73)] ReadMemory at 0xecc65fb000 of 20480 bytes failed: Only part of a ReadProcessMemory or WriteProcessMemory request was completed. (0x12B)
[0602/233624.912:ERROR:process_memory_win.cc(73)] ReadMemory at 0xecc6bf8000 of 32768 bytes failed: Only part of a ReadProcessMemory or WriteProcessMemory request was completed. (0x12B)
[0602/233624.913:ERROR:process_memory_win.cc(73)] ReadMemory at 0xecc5ffd000 of 12288 bytes failed: Only part of a ReadProcessMemory or WriteProcessMemory request was completed. (0x12B)
[0602/233624.913:ERROR:process_memory_win.cc(73)] ReadMemory at 0xecc67fd000 of 12288 bytes failed: Only part of a ReadProcessMemory or WriteProcessMemory request was completed. (0x12B)
[0602/233624.913:ERROR:process_memory_win.cc(73)] ReadMemory at 0xecc4a20000 of 852 bytes failed: Only part of a ReadProcessMemory or WriteProcessMemory request was completed. (0x12B)
[0602/233624.913:ERROR:process_memory_win.cc(73)] ReadMemory at 0xecc4a21000 of 6024 bytes failed: Only part of a ReadProcessMemory or WriteProcessMemory request was completed. (0x12B)
[0602/233624.913:ERROR:process_memory_win.cc(73)] ReadMemory at 0xecc4a23000 of 6024 bytes failed: Only part of a ReadProcessMemory or WriteProcessMemory request was completed. (0x12B)
[0602/233624.913:ERROR:process_memory_win.cc(73)] ReadMemory at 0xecc4a25000 of 6024 bytes failed: Only part of a ReadProcessMemory or WriteProcessMemory request was completed. (0x12B)
[0602/233624.913:ERROR:process_memory_win.cc(73)] ReadMemory at 0xecc4a27000 of 6024 bytes failed: Only part of a ReadProcessMemory or WriteProcessMemory request was completed. (0x12B)
[0602/233624.913:ERROR:process_memory_win.cc(73)] ReadMemory at 0xecc4a29000 of 6024 bytes failed: Only part of a ReadProcessMemory or WriteProcessMemory request was completed. (0x12B)
[0602/233624.913:ERROR:process_memory_win.cc(73)] ReadMemory at 0xecc4a2b000 of 6024 bytes failed: Only part of a ReadProcessMemory or WriteProcessMemory request was completed. (0x12B)
[0602/233624.914:ERROR:process_memory_win.cc(73)] ReadMemory at 0xecc4a2d000 of 6024 bytes failed: Only part of a ReadProcessMemory or WriteProcessMemory request was completed. (0x12B)
[0602/233624.914:ERROR:process_memory_win.cc(73)] ReadMemory at 0xecc4a2f000 of 6024 bytes failed: Only part of a ReadProcessMemory or WriteProcessMemory request was completed. (0x12B)
[0602/233624.914:ERROR:process_memory_win.cc(73)] ReadMemory at 0xecc4a31000 of 6024 bytes failed: Only part of a ReadProcessMemory or WriteProcessMemory request was completed. (0x12B)
[0602/233624.914:ERROR:process_memory_win.cc(73)] ReadMemory at 0xecc4a35000 of 6024 bytes failed: Only part of a ReadProcessMemory or WriteProcessMemory request was completed. (0x12B)
[0602/233624.914:ERROR:process_memory_win.cc(73)] ReadMemory at 0xecc4a37000 of 6024 bytes failed: Only part of a ReadProcessMemory or WriteProcessMemory request was completed. (0x12B)
[0602/233624.914:ERROR:process_memory_win.cc(73)] ReadMemory at 0xecc4a39000 of 6024 bytes failed: Only part of a ReadProcessMemory or WriteProcessMemory request was completed. (0x12B)
[0602/233624.914:ERROR:process_memory_win.cc(73)] ReadMemory at 0xecc4a3f000 of 6024 bytes failed: Only part of a ReadProcessMemory or WriteProcessMemory request was completed. (0x12B)
[0602/233624.914:ERROR:process_memory_win.cc(73)] ReadMemory at 0xecc4a41000 of 6024 bytes failed: Only part of a ReadProcessMemory or WriteProcessMemory request was completed. (0x12B)
[0602/233624.914:ERROR:process_memory_win.cc(73)] ReadMemory at 0xecc4a43000 of 6024 bytes failed: Only part of a ReadProcessMemory or WriteProcessMemory request was completed. (0x12B)
[0602/233624.914:ERROR:process_memory_win.cc(73)] ReadMemory at 0x2a302f00ab0 of 512 bytes failed: Only part of a ReadProcessMemory or WriteProcessMemory request was completed. (0x12B)
[0602/233624.914:ERROR:process_memory_win.cc(73)] ReadMemory at 0x2a302f00fc0 of 5160 bytes failed: Only part of a ReadProcessMemory or WriteProcessMemory request was completed. (0x12B)
[0602/233624.915:ERROR:process_memory_win.cc(73)] ReadMemory at 0x2a302f023f0 of 1012 bytes failed: Only part of a ReadProcessMemory or WriteProcessMemory request was completed. (0x12B)
[0602/233624.915:ERROR:process_memory_win.cc(73)] ReadMemory at 0x2a302f02a08 of 118 bytes failed: Only part of a ReadProcessMemory or WriteProcessMemory request was completed. (0x12B)
[0602/233624.915:ERROR:process_memory_win.cc(73)] ReadMemory at 0x2a302f02a80 of 1010 bytes failed: Only part of a ReadProcessMemory or WriteProcessMemory request was completed. (0x12B)
[0602/233624.915:ERROR:process_memory_win.cc(73)] ReadMemory at 0x2a302f02e74 of 118 bytes failed: Only part of a ReadProcessMemory or WriteProcessMemory request was completed. (0x12B)
[0602/233624.915:ERROR:process_memory_win.cc(73)] ReadMemory at 0x2a302f02eec of 100 bytes failed: Only part of a ReadProcessMemory or WriteProcessMemory request was completed. (0x12B)
[0602/233624.915:ERROR:process_memory_win.cc(73)] ReadMemory at 0x2a302f02f60 of 58 bytes failed: Only part of a ReadProcessMemory or WriteProcessMemory request was completed. (0x12B)
[0602/233624.915:ERROR:process_memory_win.cc(73)] ReadMemory at 0x2a302f03060 of 132 bytes failed: Only part of a ReadProcessMemory or WriteProcessMemory request was completed. (0x12B)
[0602/233624.915:ERROR:process_memory_win.cc(73)] ReadMemory at 0x2a302f031f0 of 132 bytes failed: Only part of a ReadProcessMemory or WriteProcessMemory request was completed. (0x12B)
[0602/233624.915:ERROR:process_memory_win.cc(73)] ReadMemory at 0x2a302f033b0 of 126 bytes failed: Only part of a ReadProcessMemory or WriteProcessMemory request was completed. (0x12B)
[0602/233624.915:ERROR:process_memory_win.cc(73)] ReadMemory at 0x2a302f03f50 of 132 bytes failed: Only part of a ReadProcessMemory or WriteProcessMemory request was completed. (0x12B)
[0602/233624.915:ERROR:process_memory_win.cc(73)] ReadMemory at 0x2a302f040e0 of 64 bytes failed: Only part of a ReadProcessMemory or WriteProcessMemory request was completed. (0x12B)
[0602/233624.915:ERROR:process_memory_win.cc(73)] ReadMemory at 0x2a302f04130 of 132 bytes failed: Only part of a ReadProcessMemory or WriteProcessMemory request was completed. (0x12B)
[0602/233624.916:ERROR:process_memory_win.cc(73)] ReadMemory at 0x2a302f044a0 of 62 bytes failed: Only part of a ReadProcessMemory or WriteProcessMemory request was completed. (0x12B)
[0602/233624.916:ERROR:process_memory_win.cc(73)] ReadMemory at 0x2a302f04530 of 132 bytes failed: Only part of a ReadProcessMemory or WriteProcessMemory request was completed. (0x12B)
[0602/233624.916:ERROR:process_memory_win.cc(73)] ReadMemory at 0x2a302f046c0 of 68 bytes failed: Only part of a ReadProcessMemory or WriteProcessMemory request was completed. (0x12B)
[0602/233624.916:ERROR:process_memory_win.cc(73)] ReadMemory at 0x2a302f0ede0 of 132 bytes failed: Only part of a ReadProcessMemory or WriteProcessMemory request was completed. (0x12B)
[0602/233624.916:ERROR:process_memory_win.cc(73)] ReadMemory at 0x2a302f0ef10 of 60 bytes failed: Only part of a ReadProcessMemory or WriteProcessMemory request was completed. (0x12B)
[0602/233624.916:ERROR:process_memory_win.cc(73)] ReadMemory at 0x2a302f0f130 of 132 bytes failed: Only part of a ReadProcessMemory or WriteProcessMemory request was completed. (0x12B)
[0602/233624.916:ERROR:process_memory_win.cc(73)] ReadMemory at 0x2a302f10b50 of 132 bytes failed: Only part of a ReadProcessMemory or WriteProcessMemory request was completed. (0x12B)
[0602/233624.916:ERROR:process_memory_win.cc(73)] ReadMemory at 0x2a302f10d60 of 132 bytes failed: Only part of a ReadProcessMemory or WriteProcessMemory request was completed. (0x12B)
[0602/233624.916:ERROR:process_memory_win.cc(73)] ReadMemory at 0x2a302f10ef0 of 62 bytes failed: Only part of a ReadProcessMemory or WriteProcessMemory request was completed. (0x12B)
[0602/233624.916:ERROR:process_memory_win.cc(73)] ReadMemory at 0x2a302f10ff0 of 64 bytes failed: Only part of a ReadProcessMemory or WriteProcessMemory request was completed. (0x12B)
[0602/233624.916:ERROR:process_memory_win.cc(73)] ReadMemory at 0x2a302f11040 of 60 bytes failed: Only part of a ReadProcessMemory or WriteProcessMemory request was completed. (0x12B)
[0602/233624.916:ERROR:process_memory_win.cc(73)] ReadMemory at 0x2a302f11090 of 62 bytes failed: Only part of a ReadProcessMemory or WriteProcessMemory request was completed. (0x12B)
[0602/233624.917:ERROR:process_memory_win.cc(73)] ReadMemory at 0x2a302f110e0 of 60 bytes failed: Only part of a ReadProcessMemory or WriteProcessMemory request was completed. (0x12B)
[0602/233624.917:ERROR:process_memory_win.cc(73)] ReadMemory at 0x2a302f11130 of 64 bytes failed: Only part of a ReadProcessMemory or WriteProcessMemory request was completed. (0x12B)
[0602/233624.917:ERROR:process_memory_win.cc(73)] ReadMemory at 0x2a302f11220 of 64 bytes failed: Only part of a ReadProcessMemory or WriteProcessMemory request was completed. (0x12B)
[0602/233624.917:ERROR:process_memory_win.cc(73)] ReadMemory at 0x2a302f112c0 of 66 bytes failed: Only part of a ReadProcessMemory or WriteProcessMemory request was completed. (0x12B)
[0602/233624.917:ERROR:process_memory_win.cc(73)] ReadMemory at 0x2a302f11310 of 60 bytes failed: Only part of a ReadProcessMemory or WriteProcessMemory request was completed. (0x12B)
[0602/233624.917:ERROR:process_memory_win.cc(73)] ReadMemory at 0x2a302f11360 of 66 bytes failed: Only part of a ReadProcessMemory or WriteProcessMemory request was completed. (0x12B)
[0602/233624.917:ERROR:process_memory_win.cc(73)] ReadMemory at 0x2a302f11400 of 64 bytes failed: Only part of a ReadProcessMemory or WriteProcessMemory request was completed. (0x12B)
[0602/233624.917:ERROR:process_memory_win.cc(73)] ReadMemory at 0x2a302f11450 of 60 bytes failed: Only part of a ReadProcessMemory or WriteProcessMemory request was completed. (0x12B)
[0602/233624.917:ERROR:process_memory_win.cc(73)] ReadMemory at 0x2a302f114a0 of 58 bytes failed: Only part of a ReadProcessMemory or WriteProcessMemory request was completed. (0x12B)
[0602/233624.917:ERROR:process_memory_win.cc(73)] ReadMemory at 0x2a302f114f0 of 62 bytes failed: Only part of a ReadProcessMemory or WriteProcessMemory request was completed. (0x12B)
[0602/233624.918:ERROR:process_memory_win.cc(73)] ReadMemory at 0x2a302f11540 of 60 bytes failed: Only part of a ReadProcessMemory or WriteProcessMemory request was completed. (0x12B)
[0602/233624.918:ERROR:process_memory_win.cc(73)] ReadMemory at 0x2a302f11590 of 62 bytes failed: Only part of a ReadProcessMemory or WriteProcessMemory request was completed. (0x12B)
[0602/233624.918:ERROR:process_memory_win.cc(73)] ReadMemory at 0x2a302f115e0 of 62 bytes failed: Only part of a ReadProcessMemory or WriteProcessMemory request was completed. (0x12B)
[0602/233624.918:ERROR:process_memory_win.cc(73)] ReadMemory at 0x2a302f118c0 of 132 bytes failed: Only part of a ReadProcessMemory or WriteProcessMemory request was completed. (0x12B)
[0602/233624.918:ERROR:process_memory_win.cc(73)] ReadMemory at 0x2a302f11ec0 of 80 bytes failed: Only part of a ReadProcessMemory or WriteProcessMemory request was completed. (0x12B)
[0602/233624.918:ERROR:process_memory_win.cc(73)] ReadMemory at 0x2a302f11f80 of 78 bytes failed: Only part of a ReadProcessMemory or WriteProcessMemory request was completed. (0x12B)
[0602/233624.918:ERROR:process_memory_win.cc(73)] ReadMemory at 0x2a302f12040 of 76 bytes failed: Only part of a ReadProcessMemory or WriteProcessMemory request was completed. (0x12B)
[0602/233624.918:ERROR:process_memory_win.cc(73)] ReadMemory at 0x2a302f13210 of 132 bytes failed: Only part of a ReadProcessMemory or WriteProcessMemory request was completed. (0x12B)
[0602/233624.918:ERROR:process_memory_win.cc(73)] ReadMemory at 0x2a302f135b0 of 132 bytes failed: Only part of a ReadProcessMemory or WriteProcessMemory request was completed. (0x12B)
[0602/233624.918:ERROR:process_memory_win.cc(73)] ReadMemory at 0x2a302f138a0 of 132 bytes failed: Only part of a ReadProcessMemory or WriteProcessMemory request was completed. (0x12B)
[0602/233624.918:ERROR:process_memory_win.cc(73)] ReadMemory at 0x2a302f13c60 of 132 bytes failed: Only part of a ReadProcessMemory or WriteProcessMemory request was completed. (0x12B)
[0602/233624.918:ERROR:process_memory_win.cc(73)] ReadMemory at 0x2a302f13f20 of 132 bytes failed: Only part of a ReadProcessMemory or WriteProcessMemory request was completed. (0x12B)
[0602/233624.918:ERROR:process_memory_win.cc(73)] ReadMemory at 0x2a302f14b50 of 132 bytes failed: Only part of a ReadProcessMemory or WriteProcessMemory request was completed. (0x12B)
[0602/233624.918:ERROR:process_memory_win.cc(73)] ReadMemory at 0x2a302f14c80 of 132 bytes failed: Only part of a ReadProcessMemory or WriteProcessMemory request was completed. (0x12B)
[0602/233624.920:ERROR:process_memory_win.cc(73)] ReadMemory at 0x2a302f14db0 of 132 bytes failed: Only part of a ReadProcessMemory or WriteProcessMemory request was completed. (0x12B)
[0602/233624.921:ERROR:process_memory_win.cc(73)] ReadMemory at 0x2a302f14ee0 of 132 bytes failed: Only part of a ReadProcessMemory or WriteProcessMemory request was completed. (0x12B)
[0602/233624.921:ERROR:process_memory_win.cc(73)] ReadMemory at 0x2a302f15010 of 132 bytes failed: Only part of a ReadProcessMemory or WriteProcessMemory request was completed. (0x12B)
[0602/233624.921:ERROR:process_memory_win.cc(73)] ReadMemory at 0x2a302f15140 of 132 bytes failed: Only part of a ReadProcessMemory or WriteProcessMemory request was completed. (0x12B)
[0602/233624.921:ERROR:process_memory_win.cc(73)] ReadMemory at 0x2a302f15270 of 132 bytes failed: Only part of a ReadProcessMemory or WriteProcessMemory request was completed. (0x12B)
[0602/233624.921:ERROR:process_memory_win.cc(73)] ReadMemory at 0x2a302f153a0 of 132 bytes failed: Only part of a ReadProcessMemory or WriteProcessMemory request was completed. (0x12B)
[0602/233624.921:ERROR:process_memory_win.cc(73)] ReadMemory at 0x2a302f154d0 of 132 bytes failed: Only part of a ReadProcessMemory or WriteProcessMemory request was completed. (0x12B)
[0602/233624.921:ERROR:process_memory_win.cc(73)] ReadMemory at 0x2a302f15600 of 132 bytes failed: Only part of a ReadProcessMemory or WriteProcessMemory request was completed. (0x12B)
[0602/233624.921:ERROR:process_memory_win.cc(73)] ReadMemory at 0x2a302f15730 of 132 bytes failed: Only part of a ReadProcessMemory or WriteProcessMemory request was completed. (0x12B)
[0602/233624.921:ERROR:process_memory_win.cc(73)] ReadMemory at 0x2a302f15860 of 132 bytes failed: Only part of a ReadProcessMemory or WriteProcessMemory request was completed. (0x12B)
[0602/233624.921:ERROR:process_memory_win.cc(73)] ReadMemory at 0x2a302f15990 of 132 bytes failed: Only part of a ReadProcessMemory or WriteProcessMemory request was completed. (0x12B)
[0602/233624.921:ERROR:process_memory_win.cc(73)] ReadMemory at 0x2a302f17420 of 80 bytes failed: Only part of a ReadProcessMemory or WriteProcessMemory request was completed. (0x12B)
[0602/233624.921:ERROR:process_memory_win.cc(73)] ReadMemory at 0x2a302f17cb0 of 132 bytes failed: Only part of a ReadProcessMemory or WriteProcessMemory request was completed. (0x12B)
[0602/233624.922:ERROR:process_memory_win.cc(73)] ReadMemory at 0x2a302f17de0 of 132 bytes failed: Only part of a ReadProcessMemory or WriteProcessMemory request was completed. (0x12B)
[0602/233624.922:ERROR:process_memory_win.cc(73)] ReadMemory at 0x2a302f17f10 of 132 bytes failed: Only part of a ReadProcessMemory or WriteProcessMemory request was completed. (0x12B)
[0602/233624.922:ERROR:process_memory_win.cc(73)] ReadMemory at 0x2a302f18040 of 132 bytes failed: Only part of a ReadProcessMemory or WriteProcessMemory request was completed. (0x12B)
[0602/233624.922:ERROR:process_memory_win.cc(73)] ReadMemory at 0x2a302f18170 of 132 bytes failed: Only part of a ReadProcessMemory or WriteProcessMemory request was completed. (0x12B)
[0602/233624.922:ERROR:process_memory_win.cc(73)] ReadMemory at 0x2a302f182a0 of 132 bytes failed: Only part of a ReadProcessMemory or WriteProcessMemory request was completed. (0x12B)
[0602/233624.922:ERROR:process_memory_win.cc(73)] ReadMemory at 0x2a302f183d0 of 132 bytes failed: Only part of a ReadProcessMemory or WriteProcessMemory request was completed. (0x12B)
[0602/233624.922:ERROR:process_memory_win.cc(73)] ReadMemory at 0x2a302f18500 of 132 bytes failed: Only part of a ReadProcessMemory or WriteProcessMemory request was completed. (0x12B)
[0602/233624.922:ERROR:process_memory_win.cc(73)] ReadMemory at 0x2a302f18630 of 132 bytes failed: Only part of a ReadProcessMemory or WriteProcessMemory request was completed. (0x12B)
[0602/233624.922:ERROR:process_memory_win.cc(73)] ReadMemory at 0x2a302f18760 of 132 bytes failed: Only part of a ReadProcessMemory or WriteProcessMemory request was completed. (0x12B)
[0602/233624.922:ERROR:process_memory_win.cc(73)] ReadMemory at 0x2a302f18890 of 132 bytes failed: Only part of a ReadProcessMemory or WriteProcessMemory request was completed. (0x12B)
[0602/233624.922:ERROR:process_memory_win.cc(73)] ReadMemory at 0x2a302f189c0 of 132 bytes failed: Only part of a ReadProcessMemory or WriteProcessMemory request was completed. (0x12B)
[0602/233624.922:ERROR:process_memory_win.cc(73)] ReadMemory at 0x2a302f18af0 of 132 bytes failed: Only part of a ReadProcessMemory or WriteProcessMemory request was completed. (0x12B)
[0602/233624.922:ERROR:process_memory_win.cc(73)] ReadMemory at 0x2a302f18c20 of 132 bytes failed: Only part of a ReadProcessMemory or WriteProcessMemory request was completed. (0x12B)
[0602/233624.923:ERROR:process_memory_win.cc(73)] ReadMemory at 0x2a302f18d50 of 132 bytes failed: Only part of a ReadProcessMemory or WriteProcessMemory request was completed. (0x12B)
[0602/233624.923:ERROR:process_memory_win.cc(73)] ReadMemory at 0x2a302f18fb0 of 132 bytes failed: Only part of a ReadProcessMemory or WriteProcessMemory request was completed. (0x12B)
[0602/233624.923:ERROR:process_memory_win.cc(73)] ReadMemory at 0x2a302f190e0 of 132 bytes failed: Only part of a ReadProcessMemory or WriteProcessMemory request was completed. (0x12B)
[0602/233624.923:ERROR:process_memory_win.cc(73)] ReadMemory at 0x2a302f19210 of 132 bytes failed: Only part of a ReadProcessMemory or WriteProcessMemory request was completed. (0x12B)
[0602/233624.923:ERROR:process_memory_win.cc(73)] ReadMemory at 0x2a302f19340 of 132 bytes failed: Only part of a ReadProcessMemory or WriteProcessMemory request was completed. (0x12B)
[0602/233624.923:ERROR:process_memory_win.cc(73)] ReadMemory at 0x2a302f19470 of 132 bytes failed: Only part of a ReadProcessMemory or WriteProcessMemory request was completed. (0x12B)
[0602/233624.923:ERROR:process_memory_win.cc(73)] ReadMemory at 0x2a302f195a0 of 132 bytes failed: Only part of a ReadProcessMemory or WriteProcessMemory request was completed. (0x12B)
[0602/233624.923:ERROR:process_memory_win.cc(73)] ReadMemory at 0x2a302f196d0 of 132 bytes failed: Only part of a ReadProcessMemory or WriteProcessMemory request was completed. (0x12B)
[0602/233624.923:ERROR:process_memory_win.cc(73)] ReadMemory at 0x2a302f19800 of 132 bytes failed: Only part of a ReadProcessMemory or WriteProcessMemory request was completed. (0x12B)
[0602/233624.923:ERROR:process_memory_win.cc(73)] ReadMemory at 0x2a302f19930 of 132 bytes failed: Only part of a ReadProcessMemory or WriteProcessMemory request was completed. (0x12B)
[0602/233624.924:ERROR:process_memory_win.cc(73)] ReadMemory at 0x2a302f19a60 of 132 bytes failed: Only part of a ReadProcessMemory or WriteProcessMemory request was completed. (0x12B)
[0602/233624.924:ERROR:process_memory_win.cc(73)] ReadMemory at 0x2a302f19d50 of 154 bytes failed: Only part of a ReadProcessMemory or WriteProcessMemory request was completed. (0x12B)
[0602/233624.924:ERROR:process_memory_win.cc(73)] ReadMemory at 0x2a302f1c1c0 of 66 bytes failed: Only part of a ReadProcessMemory or WriteProcessMemory request was completed. (0x12B)
[0602/233624.924:ERROR:process_memory_win.cc(73)] ReadMemory at 0x2a302f1c210 of 62 bytes failed: Only part of a ReadProcessMemory or WriteProcessMemory request was completed. (0x12B)
[0602/233624.924:ERROR:process_memory_win.cc(73)] ReadMemory at 0x2a302f1c710 of 60 bytes failed: Only part of a ReadProcessMemory or WriteProcessMemory request was completed. (0x12B)
[0602/233624.924:ERROR:process_memory_win.cc(73)] ReadMemory at 0x2a302f1c760 of 66 bytes failed: Only part of a ReadProcessMemory or WriteProcessMemory request was completed. (0x12B)
[0602/233624.924:ERROR:process_memory_win.cc(73)] ReadMemory at 0x2a302f1c7b0 of 62 bytes failed: Only part of a ReadProcessMemory or WriteProcessMemory request was completed. (0x12B)
[0602/233624.924:ERROR:process_memory_win.cc(73)] ReadMemory at 0x2a302f1c800 of 58 bytes failed: Only part of a ReadProcessMemory or WriteProcessMemory request was completed. (0x12B)
[0602/233624.924:ERROR:process_memory_win.cc(73)] ReadMemory at 0x2a302f1c850 of 64 bytes failed: Only part of a ReadProcessMemory or WriteProcessMemory request was completed. (0x12B)
[0602/233624.924:ERROR:process_memory_win.cc(73)] ReadMemory at 0x2a302f1ccb0 of 58 bytes failed: Only part of a ReadProcessMemory or WriteProcessMemory request was completed. (0x12B)
[0602/233624.924:ERROR:process_memory_win.cc(73)] ReadMemory at 0x2a302f1cda0 of 58 bytes failed: Only part of a ReadProcessMemory or WriteProcessMemory request was completed. (0x12B)
[0602/233624.924:ERROR:process_memory_win.cc(73)] ReadMemory at 0x2a302f1ce10 of 158 bytes failed: Only part of a ReadProcessMemory or WriteProcessMemory request was completed. (0x12B)
[0602/233624.924:ERROR:process_memory_win.cc(73)] ReadMemory at 0x2a302f1daa0 of 512 bytes failed: Only part of a ReadProcessMemory or WriteProcessMemory request was completed. (0x12B)
[0602/233624.924:ERROR:process_memory_win.cc(73)] ReadMemory at 0x2a302f227e0 of 54 bytes failed: Only part of a ReadProcessMemory or WriteProcessMemory request was completed. (0x12B)
[0602/233624.924:ERROR:process_memory_win.cc(73)] ReadMemory at 0x2a302f29810 of 62 bytes failed: Only part of a ReadProcessMemory or WriteProcessMemory request was completed. (0x12B)
[0602/233624.924:ERROR:process_memory_win.cc(73)] ReadMemory at 0x2a302f29860 of 64 bytes failed: Only part of a ReadProcessMemory or WriteProcessMemory request was completed. (0x12B)
[0602/233624.924:ERROR:process_memory_win.cc(73)] ReadMemory at 0x2a302f298b0 of 60 bytes failed: Only part of a ReadProcessMemory or WriteProcessMemory request was completed. (0x12B)
[0602/233624.925:ERROR:process_memory_win.cc(73)] ReadMemory at 0x2a302f29950 of 62 bytes failed: Only part of a ReadProcessMemory or WriteProcessMemory request was completed. (0x12B)
[0602/233624.925:ERROR:process_memory_win.cc(73)] ReadMemory at 0x2a302f299f0 of 62 bytes failed: Only part of a ReadProcessMemory or WriteProcessMemory request was completed. (0x12B)
[0602/233624.925:ERROR:process_memory_win.cc(73)] ReadMemory at 0x2a302f29a40 of 64 bytes failed: Only part of a ReadProcessMemory or WriteProcessMemory request was completed. (0x12B)
[0602/233624.925:ERROR:process_memory_win.cc(73)] ReadMemory at 0x2a302f29a90 of 58 bytes failed: Only part of a ReadProcessMemory or WriteProcessMemory request was completed. (0x12B)
[0602/233624.925:ERROR:process_memory_win.cc(73)] ReadMemory at 0x2a302f29ae0 of 60 bytes failed: Only part of a ReadProcessMemory or WriteProcessMemory request was completed. (0x12B)
[0602/233624.925:ERROR:process_memory_win.cc(73)] ReadMemory at 0x2a302f29b30 of 64 bytes failed: Only part of a ReadProcessMemory or WriteProcessMemory request was completed. (0x12B)
[0602/233624.925:ERROR:process_memory_win.cc(73)] ReadMemory at 0x2a302f29b80 of 64 bytes failed: Only part of a ReadProcessMemory or WriteProcessMemory request was completed. (0x12B)
[0602/233624.925:ERROR:process_memory_win.cc(73)] ReadMemory at 0x2a302f29bd0 of 60 bytes failed: Only part of a ReadProcessMemory or WriteProcessMemory request was completed. (0x12B)
[0602/233624.925:ERROR:process_memory_win.cc(73)] ReadMemory at 0x2a302f29c20 of 62 bytes failed: Only part of a ReadProcessMemory or WriteProcessMemory request was completed. (0x12B)
[0602/233624.925:ERROR:process_memory_win.cc(73)] ReadMemory at 0x2a302f29cc0 of 60 bytes failed: Only part of a ReadProcessMemory or WriteProcessMemory request was completed. (0x12B)
[0602/233624.925:ERROR:process_memory_win.cc(73)] ReadMemory at 0x2a302f29f90 of 62 bytes failed: Only part of a ReadProcessMemory or WriteProcessMemory request was completed. (0x12B)
[0602/233624.925:ERROR:process_memory_win.cc(73)] ReadMemory at 0x2a302f2a120 of 64 bytes failed: Only part of a ReadProcessMemory or WriteProcessMemory request was completed. (0x12B)
[0602/233624.925:ERROR:process_memory_win.cc(73)] ReadMemory at 0x2a302f2a2b0 of 64 bytes failed: Only part of a ReadProcessMemory or WriteProcessMemory request was completed. (0x12B)
[0602/233624.925:ERROR:process_memory_win.cc(73)] ReadMemory at 0x2a302f2a3a0 of 60 bytes failed: Only part of a ReadProcessMemory or WriteProcessMemory request was completed. (0x12B)
[0602/233624.925:ERROR:process_memory_win.cc(73)] ReadMemory at 0x2a302f2a530 of 56 bytes failed: Only part of a ReadProcessMemory or WriteProcessMemory request was completed. (0x12B)
[0602/233624.925:ERROR:process_memory_win.cc(73)] ReadMemory at 0x2a302f2a580 of 62 bytes failed: Only part of a ReadProcessMemory or WriteProcessMemory request was completed. (0x12B)
[0602/233624.926:ERROR:process_memory_win.cc(73)] ReadMemory at 0x2a302f2a6c0 of 64 bytes failed: Only part of a ReadProcessMemory or WriteProcessMemory request was completed. (0x12B)
[0602/233624.926:ERROR:process_memory_win.cc(73)] ReadMemory at 0x2a302f2b4a0 of 132 bytes failed: Only part of a ReadProcessMemory or WriteProcessMemory request was completed. (0x12B)
[0602/233624.926:ERROR:process_memory_win.cc(73)] ReadMemory at 0x2a302f2b960 of 132 bytes failed: Only part of a ReadProcessMemory or WriteProcessMemory request was completed. (0x12B)
[0602/233624.926:ERROR:process_memory_win.cc(73)] ReadMemory at 0x2a302f2ba90 of 132 bytes failed: Only part of a ReadProcessMemory or WriteProcessMemory request was completed. (0x12B)
[0602/233624.926:ERROR:process_memory_win.cc(73)] ReadMemory at 0x2a302f2be20 of 132 bytes failed: Only part of a ReadProcessMemory or WriteProcessMemory request was completed. (0x12B)
[0602/233624.926:ERROR:process_memory_win.cc(73)] ReadMemory at 0x2a302f2c2e0 of 132 bytes failed: Only part of a ReadProcessMemory or WriteProcessMemory request was completed. (0x12B)
[0602/233624.926:ERROR:process_memory_win.cc(73)] ReadMemory at 0x2a302f2c7a0 of 132 bytes failed: Only part of a ReadProcessMemory or WriteProcessMemory request was completed. (0x12B)
[0602/233624.926:ERROR:process_memory_win.cc(73)] ReadMemory at 0x2a302f2cb30 of 132 bytes failed: Only part of a ReadProcessMemory or WriteProcessMemory request was completed. (0x12B)
[0602/233624.926:ERROR:process_memory_win.cc(73)] ReadMemory at 0x2a302f2cfa0 of 246 bytes failed: Only part of a ReadProcessMemory or WriteProcessMemory request was completed. (0x12B)
[0602/233624.926:ERROR:process_memory_win.cc(73)] ReadMemory at 0x2a302f41240 of 512 bytes failed: Only part of a ReadProcessMemory or WriteProcessMemory request was completed. (0x12B)
[0602/233624.926:ERROR:process_memory_win.cc(73)] ReadMemory at 0x2a302f436d0 of 512 bytes failed: Only part of a ReadProcessMemory or WriteProcessMemory request was completed. (0x12B)
[0602/233624.926:ERROR:process_memory_win.cc(73)] ReadMemory at 0x2a303170dc0 of 512 bytes failed: Only part of a ReadProcessMemory or WriteProcessMemory request was completed. (0x12B)
[0602/233624.926:ERROR:process_memory_win.cc(73)] ReadMemory at 0x2a303609880 of 512 bytes failed: Only part of a ReadProcessMemory or WriteProcessMemory request was completed. (0x12B)
[0602/233624.926:ERROR:process_memory_win.cc(73)] ReadMemory at 0x2a303614360 of 512 bytes failed: Only part of a ReadProcessMemory or WriteProcessMemory request was completed. (0x12B)
[0602/233624.926:ERROR:process_memory_win.cc(73)] ReadMemory at 0x2a30361e060 of 512 bytes failed: Only part of a ReadProcessMemory or WriteProcessMemory request was completed. (0x12B)
[0602/233624.926:ERROR:process_memory_win.cc(73)] ReadMemory at 0x2a303627040 of 512 bytes failed: Only part of a ReadProcessMemory or WriteProcessMemory request was completed. (0x12B)
[0602/233624.927:ERROR:process_memory_win.cc(73)] ReadMemory at 0x2a30362cbd0 of 512 bytes failed: Only part of a ReadProcessMemory or WriteProcessMemory request was completed. (0x12B)
[0602/233624.927:ERROR:process_memory_win.cc(73)] ReadMemory at 0x2a30363c2e0 of 512 bytes failed: Only part of a ReadProcessMemory or WriteProcessMemory request was completed. (0x12B)
[0602/233624.927:ERROR:process_memory_win.cc(73)] ReadMemory at 0x2a30363fc70 of 696 bytes failed: Only part of a ReadProcessMemory or WriteProcessMemory request was completed. (0x12B)
[0602/233624.927:ERROR:process_memory_win.cc(73)] ReadMemory at 0x2a303655a40 of 512 bytes failed: Only part of a ReadProcessMemory or WriteProcessMemory request was completed. (0x12B)
[0602/233624.927:ERROR:process_memory_win.cc(73)] ReadMemory at 0x2a303658e70 of 512 bytes failed: Only part of a ReadProcessMemory or WriteProcessMemory request was completed. (0x12B)
[0602/233624.927:ERROR:process_memory_win.cc(73)] ReadMemory at 0x2a303659770 of 512 bytes failed: Only part of a ReadProcessMemory or WriteProcessMemory request was completed. (0x12B)
[0602/233624.927:ERROR:process_memory_win.cc(73)] ReadMemory at 0x2a3054f3c40 of 512 bytes failed: Only part of a ReadProcessMemory or WriteProcessMemory request was completed. (0x12B)
[0602/233624.927:ERROR:process_memory_win.cc(73)] ReadMemory at 0x2a30550dda0 of 512 bytes failed: Only part of a ReadProcessMemory or WriteProcessMemory request was completed. (0x12B)
[0602/233624.927:ERROR:process_memory_win.cc(73)] ReadMemory at 0x2a3056381c0 of 512 bytes failed: Only part of a ReadProcessMemory or WriteProcessMemory request was completed. (0x12B)
[0602/233624.927:ERROR:process_memory_win.cc(73)] ReadMemory at 0x2a30564f680 of 512 bytes failed: Only part of a ReadProcessMemory or WriteProcessMemory request was completed. (0x12B)
[0602/233624.927:ERROR:process_memory_win.cc(73)] ReadMemory at 0x2a30567f900 of 512 bytes failed: Only part of a ReadProcessMemory or WriteProcessMemory request was completed. (0x12B)
[0602/233624.927:ERROR:process_memory_win.cc(73)] ReadMemory at 0x2a305a1ab50 of 520 bytes failed: Only part of a ReadProcessMemory or WriteProcessMemory request was completed. (0x12B)
[0602/233624.927:ERROR:process_memory_win.cc(73)] ReadMemory at 0x2a306c81a20 of 512 bytes failed: Only part of a ReadProcessMemory or WriteProcessMemory request was completed. (0x12B)
[0602/233624.927:ERROR:process_memory_win.cc(73)] ReadMemory at 0x2a3078b5a50 of 536 bytes failed: Only part of a ReadProcessMemory or WriteProcessMemory request was completed. (0x12B)
[0602/233624.928:ERROR:process_memory_win.cc(73)] ReadMemory at 0x2a307a9b080 of 512 bytes failed: Only part of a ReadProcessMemory or WriteProcessMemory request was completed. (0x12B)
[0602/233624.928:ERROR:process_memory_win.cc(73)] ReadMemory at 0x2a307b5eff0 of 512 bytes failed: Only part of a ReadProcessMemory or WriteProcessMemory request was completed. (0x12B)
[0602/233624.928:ERROR:process_memory_win.cc(73)] ReadMemory at 0x2a307b5f370 of 512 bytes failed: Only part of a ReadProcessMemory or WriteProcessMemory request was completed. (0x12B)
[0602/233624.928:ERROR:process_memory_win.cc(73)] ReadMemory at 0x25cc859b1f60 of 568 bytes failed: Only part of a ReadProcessMemory or WriteProcessMemory request was completed. (0x12B)
[0602/233624.928:ERROR:process_memory_win.cc(73)] ReadMemory at 0x7ffd0c2d6076 of 512 bytes failed: Only part of a ReadProcessMemory or WriteProcessMemory request was completed. (0x12B)
[0602/233624.928:ERROR:process_memory_win.cc(73)] ReadMemory at 0x7ffd0c332f7e of 512 bytes failed: Only part of a ReadProcessMemory or WriteProcessMemory request was completed. (0x12B)
[0602/233624.928:ERROR:process_memory_win.cc(73)] ReadMemory at 0x7ffd5ba52d6c of 512 bytes failed: Only part of a ReadProcessMemory or WriteProcessMemory request was completed. (0x12B)
[0602/233624.930:ERROR:scoped_process_suspend.cc(40)] NtResumeProcess: An attempt was made to access an exiting process. (0xc000010a)
